0 info it worked if it ends with ok
1 verbose cli [ 'node', '/usr/local/bin/npm', 'start' ]
2 info using npm@2.1.18
3 info using node@v0.10.35
4 verbose node symlink /usr/local/bin/node
5 verbose run-script [ 'prestart', 'start', 'poststart' ]
6 info prestart lissajous-io@0.0.0-15
7 info start lissajous-io@0.0.0-15
8 verbose unsafe-perm in lifecycle true
9 info lissajous-io@0.0.0-15 Failed to exec start script
10 verbose stack Error: lissajous-io@0.0.0-15 start: `liss_server.js`
10 verbose stack Exit status 127
10 verbose stack     at EventEmitter.<anonymous> (/usr/local/lib/node_modules/npm/lib/utils/lifecycle.js:212:16)
10 verbose stack     at EventEmitter.emit (events.js:98:17)
10 verbose stack     at ChildProcess.<anonymous> (/usr/local/lib/node_modules/npm/lib/utils/spawn.js:14:12)
10 verbose stack     at ChildProcess.emit (events.js:98:17)
10 verbose stack     at maybeClose (child_process.js:766:16)
10 verbose stack     at Process.ChildProcess._handle.onexit (child_process.js:833:5)
11 verbose pkgid lissajous-io@0.0.0-15
12 verbose cwd /Users/lemonzi/Projects/repos/lissajous
13 error Darwin 13.4.0
14 error argv "node" "/usr/local/bin/npm" "start"
15 error node v0.10.35
16 error npm  v2.1.18
17 error code ELIFECYCLE
18 error lissajous-io@0.0.0-15 start: `liss_server.js`
18 error Exit status 127
19 error Failed at the lissajous-io@0.0.0-15 start script 'liss_server.js'.
19 error This is most likely a problem with the lissajous-io package,
19 error not with npm itself.
19 error Tell the author that this fails on your system:
19 error     liss_server.js
19 error You can get their info via:
19 error     npm owner ls lissajous-io
19 error There is likely additional logging output above.
20 verbose exit [ 1, true ]
